Build started 1/8/2014 9:50:33 PM.
     1>Project "c:\Users\Ali\documents\visual studio 2010\Projects\print stars\print stars\print stars.vcxproj" on node 2 (build target(s)).
     1>InitializeBuildStatus:
         Creating "Debug\print stars.unsuccessfulbuild" because "AlwaysCreate" was specified.
       ClCompile:
         C:\Program Files (x86)\Microsoft Visual Studio 10.0\VC\bin\CL.exe /c /ZI /nologo /W3 /WX- /Od /Oy- /D _MBCS /Gm /EHsc /RTC1 /MDd /GS /fp:precise /Zc:wchar_t /Zc:forScope /Fo"Debug\\" /Fd"Debug\vc100.pdb" /Gd /TP /analyze- /errorReport:prompt "print stars.cpp"
         print stars.cpp
     1>c:\users\ali\documents\visual studio 2010\projects\print stars\print stars\print stars.cpp(11): warning C4101: 'stars' : unreferenced local variable
       Link:
         C:\Program Files (x86)\Microsoft Visual Studio 10.0\VC\bin\link.exe /ERRORREPORT:PROMPT /OUT:"c:\users\ali\documents\visual studio 2010\Projects\print stars\Debug\print stars.exe" /NOLOGO kernel32.lib user32.lib gdi32.lib winspool.lib comdlg32.lib advapi32.lib shell32.lib ole32.lib oleaut32.lib uuid.lib odbc32.lib odbccp32.lib /MANIFEST /ManifestFile:"Debug\print stars.exe.intermediate.manifest" /MANIFESTUAC:"level='asInvoker' uiAccess='false'" /DEBUG /PDB:"c:\users\ali\documents\visual studio 2010\Projects\print stars\Debug\print stars.pdb" /TLBID:1 /DYNAMICBASE /NXCOMPAT /IMPLIB:"c:\users\ali\documents\visual studio 2010\Projects\print stars\Debug\print stars.lib" /MACHINE:X86 "Debug\print stars.obj"
         LINK : c:\users\ali\documents\visual studio 2010\Projects\print stars\Debug\print stars.exe not found or not built by the last incremental link; performing full link
         print stars.vcxproj -> c:\users\ali\documents\visual studio 2010\Projects\print stars\Debug\print stars.exe
       Manifest:
         C:\Program Files (x86)\Microsoft SDKs\Windows\v7.0A\bin\mt.exe /nologo /verbose /outputresource:"c:\users\ali\documents\visual studio 2010\Projects\print stars\Debug\print stars.exe;#1" /manifest "Debug\print stars.exe.intermediate.manifest"
       FinalizeBuildStatus:
         Deleting file "Debug\print stars.unsuccessfulbuild".
         Touching "Debug\print stars.lastbuildstate".
     1>Done Building Project "c:\Users\Ali\documents\visual studio 2010\Projects\print stars\print stars\print stars.vcxproj" (build target(s)).

Build succeeded.

Time Elapsed 00:00:01.23
